<?xml version="1.0" encoding="UTF-8"?>
<testsuite xmlns:xsi="http://www.w3.org/2001/XMLSchema-instance" xsi:noNamespaceSchemaLocation="https://maven.apache.org/surefire/maven-surefire-plugin/xsd/surefire-test-report.xsd" version="3.0.2" name="com.univade.TU.controller.AddressControllerTest$HttpMethodAndPathTests" time="0.284" tests="10" errors="0" skipped="0" failures="0">
  <properties>
[...]
</properties>
  <testcase name="requestWithoutAcceptHeaderShouldWork" classname="com.univade.TU.controller.AddressControllerTest$HttpMethodAndPathTests" time="0.015">
    <system-out><![CDATA[2025-08-01T10:55:17.487+01:00  INFO 12140 --- [TU] [           main] t.c.s.AnnotationConfigContextLoaderUtils : Could not detect default configuration classes for test class [com.univade.TU.controller.AddressControllerTest$HttpMethodAndPathTests]: HttpMethodAndPathTests does not declare any static, non-private, non-final, nested classes annotated with @Configuration.
2025-08-01T10:55:17.548+01:00  INFO 12140 --- [TU] [           main] .b.t.c.SpringBootTestContextBootstrapper : Found @SpringBootConfiguration com.univade.TU.TuApplication for test class com.univade.TU.controller.AddressControllerTest$HttpMethodAndPathTests
]]></system-out>
  </testcase>
  <testcase name="unsupportedHttpMethodShouldReturn405" classname="com.univade.TU.controller.AddressControllerTest$HttpMethodAndPathTests" time="0.015"/>
  <testcase name="optionsOnSpecificResourceShouldReturn200" classname="com.univade.TU.controller.AddressControllerTest$HttpMethodAndPathTests" time="0.015"/>
  <testcase name="pathWithDoubleSlashesShouldNormalizePath" classname="com.univade.TU.controller.AddressControllerTest$HttpMethodAndPathTests" time="0.013"/>
  <testcase name="requestWithMultipleAcceptHeadersShouldWork" classname="com.univade.TU.controller.AddressControllerTest$HttpMethodAndPathTests" time="0.013"/>
  <testcase name="patchOnSpecificResourceShouldReturn405" classname="com.univade.TU.controller.AddressControllerTest$HttpMethodAndPathTests" time="0.018"/>
  <testcase name="requestWithWrongAcceptHeaderShouldReturn406" classname="com.univade.TU.controller.AddressControllerTest$HttpMethodAndPathTests" time="0.018"/>
  <testcase name="pathCaseSensitivityShouldReturn404" classname="com.univade.TU.controller.AddressControllerTest$HttpMethodAndPathTests" time="0.012"/>
  <testcase name="pathWithTrailingSlashShouldWork" classname="com.univade.TU.controller.AddressControllerTest$HttpMethodAndPathTests" time="0.017"/>
  <testcase name="headOnCollectionShouldReturn200" classname="com.univade.TU.controller.AddressControllerTest$HttpMethodAndPathTests" time="0.019"/>
</testsuite>