<?xml version="1.0" encoding="UTF-8"?>
<testsuite xmlns:xsi="http://www.w3.org/2001/XMLSchema-instance" xsi:noNamespaceSchemaLocation="https://maven.apache.org/surefire/maven-surefire-plugin/xsd/surefire-test-report.xsd" version="3.0.2" name="com.univade.TU.repository.UserRepositoryTest$CrudTests" time="9.504" tests="19" errors="0" skipped="0" failures="0">
  <properties>
[...]
</properties>
  <testcase name="saveNewUserShouldCreateEntity" classname="com.univade.TU.repository.UserRepositoryTest$CrudTests" time="0.976">
    <system-out><![CDATA[10:57:11.079 [main] INFO org.springframework.test.context.support.AnnotationConfigContextLoaderUtils -- Could not detect default configuration classes for test class [com.univade.TU.repository.UserRepositoryTest]: UserRepositoryTest does not declare any static, non-private, non-final, nested classes annotated with @Configuration.
10:57:11.358 [main] INFO org.springframework.boot.test.context.SpringBootTestContextBootstrapper -- Found @SpringBootConfiguration com.univade.TU.TuApplication for test class com.univade.TU.repository.UserRepositoryTest
10:57:11.408 [main] INFO org.springframework.test.context.support.AnnotationConfigContextLoaderUtils -- Could not detect default configuration classes for test class [com.univade.TU.repository.UserRepositoryTest$CrudTests]: CrudTests does not declare any static, non-private, non-final, nested classes annotated with @Configuration.
10:57:11.441 [main] INFO org.springframework.boot.test.context.SpringBootTestContextBootstrapper -- Found @SpringBootConfiguration com.univade.TU.TuApplication for test class com.univade.TU.repository.UserRepositoryTest$CrudTests
10:57:11.547 [main] INFO org.springframework.boot.devtools.restart.RestartApplicationListener -- Restart disabled due to context in which it is running

  .   ____          _            __ _ _
 /\\ / ___'_ __ _ _(_)_ __  __ _ \ \ \ \
( ( )\___ | '_ | '_| | '_ \/ _` | \ \ \ \
 \\/  ___)| |_)| | | | | || (_| |  ) ) ) )
  '  |____| .__|_| |_|_| |_\__, | / / / /
 =========|_|==============|___/=/_/_/_/

 :: Spring Boot ::                (v3.5.3)

2025-08-01T10:57:12.254+01:00  INFO 14136 --- [TU] [           main] c.u.TU.repository.UserRepositoryTest     : Starting UserRepositoryTest using Java 23 with PID 14136 (started by viet in C:\Users\viet\Desktop\TU\TU)
2025-08-01T10:57:12.256+01:00  INFO 14136 --- [TU] [           main] c.u.TU.repository.UserRepositoryTest     : No active profile set, falling back to 1 default profile: "default"
2025-08-01T10:57:13.271+01:00  INFO 14136 --- [TU] [           main] .s.d.r.c.RepositoryConfigurationDelegate : Bootstrapping Spring Data JPA repositories in DEFAULT mode.
2025-08-01T10:57:13.396+01:00  INFO 14136 --- [TU] [           main] .s.d.r.c.RepositoryConfigurationDelegate : Finished Spring Data repository scanning in 110 ms. Found 5 JPA repository interfaces.
2025-08-01T10:57:13.493+01:00  INFO 14136 --- [TU] [           main] beddedDataSourceBeanFactoryPostProcessor : Replacing 'dataSource' DataSource bean with embedded version
2025-08-01T10:57:13.682+01:00  WARN 14136 --- [TU] [           main] trationDelegate$BeanPostProcessorChecker : Bean 'tuApplication' of type [com.univade.TU.TuApplication$$SpringCGLIB$$0] is not eligible for getting processed by all BeanPostProcessors (for example: not eligible for auto-proxying). The currently created BeanPostProcessor [methodValidationPostProcessor] is declared through a non-static factory method on that class; consider declaring it as static instead.
2025-08-01T10:57:13.834+01:00  INFO 14136 --- [TU] [           main] o.s.j.d.e.EmbeddedDatabaseFactory        : Starting embedded database: url='jdbc:h2:mem:a00cf1cb-0bc1-4c0d-99a9-a1ae1d591624;DB_CLOSE_DELAY=-1;DB_CLOSE_ON_EXIT=false', username='sa'
2025-08-01T10:57:14.270+01:00  INFO 14136 --- [TU] [           main] o.hibernate.jpa.internal.util.LogHelper  : HHH000204: Processing PersistenceUnitInfo [name: default]
2025-08-01T10:57:14.354+01:00  INFO 14136 --- [TU] [           main] org.hibernate.Version                    : HHH000412: Hibernate ORM core version 6.6.18.Final
2025-08-01T10:57:14.405+01:00  INFO 14136 --- [TU] [           main] o.h.c.internal.RegionFactoryInitiator    : HHH000026: Second-level cache disabled
2025-08-01T10:57:14.900+01:00  INFO 14136 --- [TU] [           main] o.s.o.j.p.SpringPersistenceUnitInfo      : No LoadTimeWeaver setup: ignoring JPA class transformer
2025-08-01T10:57:14.989+01:00  WARN 14136 --- [TU] [           main] org.hibernate.orm.deprecation            : HHH90000025: H2Dialect does not need to be specified explicitly using 'hibernate.dialect' (remove the property setting and it will be selected by default)
2025-08-01T10:57:15.024+01:00  INFO 14136 --- [TU] [           main] org.hibernate.orm.connections.pooling    : HHH10001005: Database info:
	Database JDBC URL [Connecting through datasource 'org.springframework.jdbc.datasource.embedded.EmbeddedDatabaseFactory$EmbeddedDataSourceProxy@faec277']
	Database driver: undefined/unknown
	Database version: 2.3.232
	Autocommit mode: undefined/unknown
	Isolation level: undefined/unknown
	Minimum pool size: undefined/unknown
	Maximum pool size: undefined/unknown
2025-08-01T10:57:16.378+01:00  INFO 14136 --- [TU] [           main] o.h.e.t.j.p.i.JtaPlatformInitiator       : HHH000489: No JTA platform available (set 'hibernate.transaction.jta.platform' to enable JTA platform integration)
2025-08-01T10:57:16.399+01:00 DEBUG 14136 --- [TU] [           main] org.hibernate.SQL                        : 
    drop table if exists addresses cascade 
Hibernate: 
    drop table if exists addresses cascade 
2025-08-01T10:57:16.403+01:00 DEBUG 14136 --- [TU] [           main] org.hibernate.SQL                        : 
    drop table if exists categories cascade 
Hibernate: 
    drop table if exists categories cascade 
2025-08-01T10:57:16.404+01:00 DEBUG 14136 --- [TU] [           main] org.hibernate.SQL                        : 
    drop table if exists persons cascade 
Hibernate: 
    drop table if exists persons cascade 
2025-08-01T10:57:16.404+01:00 DEBUG 14136 --- [TU] [           main] org.hibernate.SQL                        : 
    drop table if exists posts cascade 
Hibernate: 
    drop table if exists posts cascade 
2025-08-01T10:57:16.404+01:00 DEBUG 14136 --- [TU] [           main] org.hibernate.SQL                        : 
    drop table if exists users cascade 
Hibernate: 
    drop table if exists users cascade 
2025-08-01T10:57:16.411+01:00 DEBUG 14136 --- [TU] [           main] org.hibernate.SQL                        : 
    create table addresses (
        id bigint generated by default as identity,
        zip_code varchar(10) not null,
        city varchar(100) not null,
        street varchar(150) not null,
        primary key (id)
    )
Hibernate: 
    create table addresses (
        id bigint generated by default as identity,
        zip_code varchar(10) not null,
        city varchar(100) not null,
        street varchar(150) not null,
        primary key (id)
    )
2025-08-01T10:57:16.423+01:00 DEBUG 14136 --- [TU] [           main] org.hibernate.SQL                        : 
    create table categories (
        active boolean,
        id bigint generated by default as identity,
        name varchar(100),
        description varchar(500),
        primary key (id)
    )
Hibernate: 
    create table categories (
        active boolean,
        id bigint generated by default as identity,
        name varchar(100),
        description varchar(500),
        primary key (id)
    )
2025-08-01T10:57:16.426+01:00 DEBUG 14136 --- [TU] [           main] org.hibernate.SQL                        : 
    create table persons (
        date_of_birth date not null,
        cin varchar(12) not null,
        phone_number varchar(15) unique,
        first_name varchar(50) not null,
        last_name varchar(50) not null,
        email varchar(100) unique,
        primary key (cin)
    )
Hibernate: 
    create table persons (
        date_of_birth date not null,
        cin varchar(12) not null,
        phone_number varchar(15) unique,
        first_name varchar(50) not null,
        last_name varchar(50) not null,
        email varchar(100) unique,
        primary key (cin)
    )
2025-08-01T10:57:16.431+01:00 DEBUG 14136 --- [TU] [           main] org.hibernate.SQL                        : 
    create table posts (
        author_id bigint not null,
        id bigint generated by default as identity,
        title varchar(255) not null,
        content clob not null,
        primary key (id)
    )
Hibernate: 
    create table posts (
        author_id bigint not null,
        id bigint generated by default as identity,
        title varchar(255) not null,
        content clob not null,
        primary key (id)
    )
2025-08-01T10:57:16.432+01:00 DEBUG 14136 --- [TU] [           main] org.hibernate.SQL                        : 
    create table users (
        age integer check ((age>=0) and (age<=150)),
        address_id bigint unique,
        id bigint generated by default as identity,
        name varchar(100) not null,
        email varchar(150) not null unique,
        primary key (id)
    )
Hibernate: 
    create table users (
        age integer check ((age>=0) and (age<=150)),
        address_id bigint unique,
        id bigint generated by default as identity,
        name varchar(100) not null,
        email varchar(150) not null unique,
        primary key (id)
    )
2025-08-01T10:57:16.439+01:00 DEBUG 14136 --- [TU] [           main] org.hibernate.SQL                        : 
    alter table if exists posts 
       add constraint FK6xvn0811tkyo3nfjk2xvqx6ns 
       foreign key (author_id) 
       references users
Hibernate: 
    alter table if exists posts 
       add constraint FK6xvn0811tkyo3nfjk2xvqx6ns 
       foreign key (author_id) 
       references users
2025-08-01T10:57:16.452+01:00 DEBUG 14136 --- [TU] [           main] org.hibernate.SQL                        : 
    alter table if exists users 
       add constraint FKe8vydtk7hf0y16bfm558sywbb 
       foreign key (address_id) 
       references addresses
Hibernate: 
    alter table if exists users 
       add constraint FKe8vydtk7hf0y16bfm558sywbb 
       foreign key (address_id) 
       references addresses
2025-08-01T10:57:16.460+01:00  INFO 14136 --- [TU] [           main] j.LocalContainerEntityManagerFactoryBean : Initialized JPA EntityManagerFactory for persistence unit 'default'
2025-08-01T10:57:17.153+01:00  INFO 14136 --- [TU] [           main] o.s.d.j.r.query.QueryEnhancerFactory     : Hibernate is in classpath; If applicable, HQL parser will be used.
2025-08-01T10:57:19.159+01:00  INFO 14136 --- [TU] [           main] c.u.TU.repository.UserRepositoryTest     : Started UserRepositoryTest in 7.629 seconds (process running for 9.218)
2025-08-01T10:57:19.878+01:00 DEBUG 14136 --- [TU] [           main] org.hibernate.SQL                        : 
    select
        u1_0.id,
        u1_0.address_id,
        u1_0.age,
        u1_0.email,
        u1_0.name 
    from
        users u1_0
Hibernate: 
    select
        u1_0.id,
        u1_0.address_id,
        u1_0.age,
        u1_0.email,
        u1_0.name 
    from
        users u1_0
2025-08-01T10:57:19.927+01:00 DEBUG 14136 --- [TU] [           main] org.hibernate.SQL                        : 
    select
        count(*) 
    from
        users u1_0
Hibernate: 
    select
        count(*) 
    from
        users u1_0
2025-08-01T10:57:19.976+01:00 DEBUG 14136 --- [TU] [           main] org.hibernate.SQL                        : 
    insert 
    into
        addresses
        (city, street, zip_code, id) 
    values
        (?, ?, ?, default)
Hibernate: 
    insert 
    into
        addresses
        (city, street, zip_code, id) 
    values
        (?, ?, ?, default)
2025-08-01T10:57:20.019+01:00 DEBUG 14136 --- [TU] [           main] org.hibernate.SQL                        : 
    insert 
    into
        users
        (address_id, age, email, name, id) 
    values
        (?, ?, ?, ?, default)
Hibernate: 
    insert 
    into
        users
        (address_id, age, email, name, id) 
    values
        (?, ?, ?, ?, default)
2025-08-01T10:57:20.117+01:00 DEBUG 14136 --- [TU] [           main] org.hibernate.SQL                        : 
    select
        count(*) 
    from
        users u1_0
Hibernate: 
    select
        count(*) 
    from
        users u1_0
]]></system-out>
    <system-err><![CDATA[Mockito is currently self-attaching to enable the inline-mock-maker. This will no longer work in future releases of the JDK. Please add Mockito as an agent to your build as described in Mockito's documentation: https://javadoc.io/doc/org.mockito/mockito-core/latest/org.mockito/org/mockito/Mockito.html#0.3
WARNING: A Java agent has been loaded dynamically (C:\Users\viet\.m2\repository\net\bytebuddy\byte-buddy-agent\1.17.6\byte-buddy-agent-1.17.6.jar)
WARNING: If a serviceability tool is in use, please run with -XX:+EnableDynamicAgentLoading to hide this warning
WARNING: If a serviceability tool is not in use, please run with -Djdk.instrument.traceUsage for more information
WARNING: Dynamic loading of agents will be disallowed by default in a future release
]]></system-err>
  </testcase>
  <testcase name="updateAllUserAttributesShouldPersistChanges" classname="com.univade.TU.repository.UserRepositoryTest$CrudTests" time="0.083">
    <system-out><![CDATA[2025-08-01T10:57:20.167+01:00 DEBUG 14136 --- [TU] [           main] org.hibernate.SQL                        : 
    select
        u1_0.id,
        u1_0.address_id,
        u1_0.age,
        u1_0.email,
        u1_0.name 
    from
        users u1_0
Hibernate: 
    select
        u1_0.id,
        u1_0.address_id,
        u1_0.age,
        u1_0.email,
        u1_0.name 
    from
        users u1_0
2025-08-01T10:57:20.173+01:00 DEBUG 14136 --- [TU] [           main] org.hibernate.SQL                        : 
    insert 
    into
        addresses
        (city, street, zip_code, id) 
    values
        (?, ?, ?, default)
Hibernate: 
    insert 
    into
        addresses
        (city, street, zip_code, id) 
    values
        (?, ?, ?, default)
2025-08-01T10:57:20.175+01:00 DEBUG 14136 --- [TU] [           main] org.hibernate.SQL                        : 
    insert 
    into
        users
        (address_id, age, email, name, id) 
    values
        (?, ?, ?, ?, default)
Hibernate: 
    insert 
    into
        users
        (address_id, age, email, name, id) 
    values
        (?, ?, ?, ?, default)
2025-08-01T10:57:20.216+01:00 DEBUG 14136 --- [TU] [           main] org.hibernate.SQL                        : 
    select
        u1_0.id,
        a1_0.id,
        a1_0.city,
        a1_0.street,
        a1_0.zip_code,
        u1_0.age,
        u1_0.email,
        u1_0.name,
        p1_0.author_id,
        p1_0.id,
        p1_0.content,
        p1_0.title 
    from
        users u1_0 
    left join
        addresses a1_0 
            on a1_0.id=u1_0.address_id 
    left join
        posts p1_0 
            on u1_0.id=p1_0.author_id 
    where
        u1_0.id=?
Hibernate: 
    select
        u1_0.id,
        a1_0.id,
        a1_0.city,
        a1_0.street,
        a1_0.zip_code,
        u1_0.age,
        u1_0.email,
        u1_0.name,
        p1_0.author_id,
        p1_0.id,
        p1_0.content,
        p1_0.title 
    from
        users u1_0 
    left join
        addresses a1_0 
            on a1_0.id=u1_0.address_id 
    left join
        posts p1_0 
            on u1_0.id=p1_0.author_id 
    where
        u1_0.id=?
]]></system-out>
  </testcase>
  <testcase name="readAllUsersWhenEmptyShouldReturnEmptyList" classname="com.univade.TU.repository.UserRepositoryTest$CrudTests" time="0.032">
    <system-out><![CDATA[2025-08-01T10:57:20.251+01:00 DEBUG 14136 --- [TU] [           main] org.hibernate.SQL                        : 
    select
        u1_0.id,
        u1_0.address_id,
        u1_0.age,
        u1_0.email,
        u1_0.name 
    from
        users u1_0
Hibernate: 
    select
        u1_0.id,
        u1_0.address_id,
        u1_0.age,
        u1_0.email,
        u1_0.name 
    from
        users u1_0
2025-08-01T10:57:20.256+01:00 DEBUG 14136 --- [TU] [           main] org.hibernate.SQL                        : 
    select
        u1_0.id,
        u1_0.address_id,
        u1_0.age,
        u1_0.email,
        u1_0.name 
    from
        users u1_0
Hibernate: 
    select
        u1_0.id,
        u1_0.address_id,
        u1_0.age,
        u1_0.email,
        u1_0.name 
    from
        users u1_0
]]></system-out>
  </testcase>
  <testcase name="countUsersShouldReturnCorrectNumber" classname="com.univade.TU.repository.UserRepositoryTest$CrudTests" time="0.022">
    <system-out><![CDATA[2025-08-01T10:57:20.288+01:00 DEBUG 14136 --- [TU] [           main] org.hibernate.SQL                        : 
    select
        u1_0.id,
        u1_0.address_id,
        u1_0.age,
        u1_0.email,
        u1_0.name 
    from
        users u1_0
Hibernate: 
    select
        u1_0.id,
        u1_0.address_id,
        u1_0.age,
        u1_0.email,
        u1_0.name 
    from
        users u1_0
2025-08-01T10:57:20.291+01:00 DEBUG 14136 --- [TU] [           main] org.hibernate.SQL                        : 
    insert 
    into
        addresses
        (city, street, zip_code, id) 
    values
        (?, ?, ?, default)
Hibernate: 
    insert 
    into
        addresses
        (city, street, zip_code, id) 
    values
        (?, ?, ?, default)
2025-08-01T10:57:20.294+01:00 DEBUG 14136 --- [TU] [           main] org.hibernate.SQL                        : 
    insert 
    into
        users
        (address_id, age, email, name, id) 
    values
        (?, ?, ?, ?, default)
Hibernate: 
    insert 
    into
        users
        (address_id, age, email, name, id) 
    values
        (?, ?, ?, ?, default)
2025-08-01T10:57:20.296+01:00 DEBUG 14136 --- [TU] [           main] org.hibernate.SQL                        : 
    insert 
    into
        addresses
        (city, street, zip_code, id) 
    values
        (?, ?, ?, default)
Hibernate: 
    insert 
    into
        addresses
        (city, street, zip_code, id) 
    values
        (?, ?, ?, default)
2025-08-01T10:57:20.298+01:00 DEBUG 14136 --- [TU] [           main] org.hibernate.SQL                        : 
    insert 
    into
        users
        (address_id, age, email, name, id) 
    values
        (?, ?, ?, ?, default)
Hibernate: 
    insert 
    into
        users
        (address_id, age, email, name, id) 
    values
        (?, ?, ?, ?, default)
2025-08-01T10:57:20.301+01:00 DEBUG 14136 --- [TU] [           main] org.hibernate.SQL                        : 
    select
        count(*) 
    from
        users u1_0
Hibernate: 
    select
        count(*) 
    from
        users u1_0
]]></system-out>
  </testcase>
  <testcase name="updateUserShouldModifyExistingEntity" classname="com.univade.TU.repository.UserRepositoryTest$CrudTests" time="0.022">
    <system-out><![CDATA[2025-08-01T10:57:20.313+01:00 DEBUG 14136 --- [TU] [           main] org.hibernate.SQL                        : 
    select
        u1_0.id,
        u1_0.address_id,
        u1_0.age,
        u1_0.email,
        u1_0.name 
    from
        users u1_0
Hibernate: 
    select
        u1_0.id,
        u1_0.address_id,
        u1_0.age,
        u1_0.email,
        u1_0.name 
    from
        users u1_0
2025-08-01T10:57:20.317+01:00 DEBUG 14136 --- [TU] [           main] org.hibernate.SQL                        : 
    insert 
    into
        addresses
        (city, street, zip_code, id) 
    values
        (?, ?, ?, default)
Hibernate: 
    insert 
    into
        addresses
        (city, street, zip_code, id) 
    values
        (?, ?, ?, default)
2025-08-01T10:57:20.318+01:00 DEBUG 14136 --- [TU] [           main] org.hibernate.SQL                        : 
    insert 
    into
        users
        (address_id, age, email, name, id) 
    values
        (?, ?, ?, ?, default)
Hibernate: 
    insert 
    into
        users
        (address_id, age, email, name, id) 
    values
        (?, ?, ?, ?, default)
2025-08-01T10:57:20.321+01:00 DEBUG 14136 --- [TU] [           main] org.hibernate.SQL                        : 
    select
        u1_0.id,
        a1_0.id,
        a1_0.city,
        a1_0.street,
        a1_0.zip_code,
        u1_0.age,
        u1_0.email,
        u1_0.name,
        p1_0.author_id,
        p1_0.id,
        p1_0.content,
        p1_0.title 
    from
        users u1_0 
    left join
        addresses a1_0 
            on a1_0.id=u1_0.address_id 
    left join
        posts p1_0 
            on u1_0.id=p1_0.author_id 
    where
        u1_0.id=?
Hibernate: 
    select
        u1_0.id,
        a1_0.id,
        a1_0.city,
        a1_0.street,
        a1_0.zip_code,
        u1_0.age,
        u1_0.email,
        u1_0.name,
        p1_0.author_id,
        p1_0.id,
        p1_0.content,
        p1_0.title 
    from
        users u1_0 
    left join
        addresses a1_0 
            on a1_0.id=u1_0.address_id 
    left join
        posts p1_0 
            on u1_0.id=p1_0.author_id 
    where
        u1_0.id=?
]]></system-out>
  </testcase>
  <testcase name="deleteUserByIdShouldRemoveEntity" classname="com.univade.TU.repository.UserRepositoryTest$CrudTests" time="0.04">
    <system-out><![CDATA[2025-08-01T10:57:20.336+01:00 DEBUG 14136 --- [TU] [           main] org.hibernate.SQL                        : 
    select
        u1_0.id,
        u1_0.address_id,
        u1_0.age,
        u1_0.email,
        u1_0.name 
    from
        users u1_0
Hibernate: 
    select
        u1_0.id,
        u1_0.address_id,
        u1_0.age,
        u1_0.email,
        u1_0.name 
    from
        users u1_0
2025-08-01T10:57:20.341+01:00 DEBUG 14136 --- [TU] [           main] org.hibernate.SQL                        : 
    insert 
    into
        addresses
        (city, street, zip_code, id) 
    values
        (?, ?, ?, default)
Hibernate: 
    insert 
    into
        addresses
        (city, street, zip_code, id) 
    values
        (?, ?, ?, default)
2025-08-01T10:57:20.344+01:00 DEBUG 14136 --- [TU] [           main] org.hibernate.SQL                        : 
    insert 
    into
        users
        (address_id, age, email, name, id) 
    values
        (?, ?, ?, ?, default)
Hibernate: 
    insert 
    into
        users
        (address_id, age, email, name, id) 
    values
        (?, ?, ?, ?, default)
]]></system-out>
  </testcase>
  <testcase name="deleteAllUsersShouldRemoveAllEntities" classname="com.univade.TU.repository.UserRepositoryTest$CrudTests" time="0.085">
    <system-out><![CDATA[2025-08-01T10:57:20.382+01:00 DEBUG 14136 --- [TU] [           main] org.hibernate.SQL                        : 
    select
        u1_0.id,
        u1_0.address_id,
        u1_0.age,
        u1_0.email,
        u1_0.name 
    from
        users u1_0
Hibernate: 
    select
        u1_0.id,
        u1_0.address_id,
        u1_0.age,
        u1_0.email,
        u1_0.name 
    from
        users u1_0
2025-08-01T10:57:20.388+01:00 DEBUG 14136 --- [TU] [           main] org.hibernate.SQL                        : 
    insert 
    into
        addresses
        (city, street, zip_code, id) 
    values
        (?, ?, ?, default)
Hibernate: 
    insert 
    into
        addresses
        (city, street, zip_code, id) 
    values
        (?, ?, ?, default)
2025-08-01T10:57:20.393+01:00 DEBUG 14136 --- [TU] [           main] org.hibernate.SQL                        : 
    insert 
    into
        users
        (address_id, age, email, name, id) 
    values
        (?, ?, ?, ?, default)
Hibernate: 
    insert 
    into
        users
        (address_id, age, email, name, id) 
    values
        (?, ?, ?, ?, default)
2025-08-01T10:57:20.398+01:00 DEBUG 14136 --- [TU] [           main] org.hibernate.SQL                        : 
    insert 
    into
        addresses
        (city, street, zip_code, id) 
    values
        (?, ?, ?, default)
Hibernate: 
    insert 
    into
        addresses
        (city, street, zip_code, id) 
    values
        (?, ?, ?, default)
2025-08-01T10:57:20.401+01:00 DEBUG 14136 --- [TU] [           main] org.hibernate.SQL                        : 
    insert 
    into
        users
        (address_id, age, email, name, id) 
    values
        (?, ?, ?, ?, default)
Hibernate: 
    insert 
    into
        users
        (address_id, age, email, name, id) 
    values
        (?, ?, ?, ?, default)
2025-08-01T10:57:20.405+01:00 DEBUG 14136 --- [TU] [           main] org.hibernate.SQL                        : 
    insert 
    into
        addresses
        (city, street, zip_code, id) 
    values
        (?, ?, ?, default)
Hibernate: 
    insert 
    into
        addresses
        (city, street, zip_code, id) 
    values
        (?, ?, ?, default)
2025-08-01T10:57:20.408+01:00 DEBUG 14136 --- [TU] [           main] org.hibernate.SQL                        : 
    insert 
    into
        users
        (address_id, age, email, name, id) 
    values
        (?, ?, ?, ?, default)
Hibernate: 
    insert 
    into
        users
        (address_id, age, email, name, id) 
    values
        (?, ?, ?, ?, default)
2025-08-01T10:57:20.415+01:00 DEBUG 14136 --- [TU] [           main] org.hibernate.SQL                        : 
    select
        u1_0.id,
        u1_0.address_id,
        u1_0.age,
        u1_0.email,
        u1_0.name 
    from
        users u1_0
Hibernate: 
    select
        u1_0.id,
        u1_0.address_id,
        u1_0.age,
        u1_0.email,
        u1_0.name 
    from
        users u1_0
2025-08-01T10:57:20.432+01:00 DEBUG 14136 --- [TU] [           main] org.hibernate.SQL                        : 
    delete 
    from
        users 
    where
        id=?
Hibernate: 
    delete 
    from
        users 
    where
        id=?
2025-08-01T10:57:20.437+01:00 DEBUG 14136 --- [TU] [           main] org.hibernate.SQL                        : 
    delete 
    from
        addresses 
    where
        id=?
Hibernate: 
    delete 
    from
        addresses 
    where
        id=?
2025-08-01T10:57:20.439+01:00 DEBUG 14136 --- [TU] [           main] org.hibernate.SQL                        : 
    delete 
    from
        users 
    where
        id=?
Hibernate: 
    delete 
    from
        users 
    where
        id=?
2025-08-01T10:57:20.440+01:00 DEBUG 14136 --- [TU] [           main] org.hibernate.SQL                        : 
    delete 
    from
        addresses 
    where
        id=?
Hibernate: 
    delete 
    from
        addresses 
    where
        id=?
2025-08-01T10:57:20.441+01:00 DEBUG 14136 --- [TU] [           main] org.hibernate.SQL                        : 
    delete 
    from
        users 
    where
        id=?
Hibernate: 
    delete 
    from
        users 
    where
        id=?
2025-08-01T10:57:20.444+01:00 DEBUG 14136 --- [TU] [           main] org.hibernate.SQL                        : 
    delete 
    from
        addresses 
    where
        id=?
Hibernate: 
    delete 
    from
        addresses 
    where
        id=?
2025-08-01T10:57:20.447+01:00 DEBUG 14136 --- [TU] [           main] org.hibernate.SQL                        : 
    select
        u1_0.id,
        u1_0.address_id,
        u1_0.age,
        u1_0.email,
        u1_0.name 
    from
        users u1_0
Hibernate: 
    select
        u1_0.id,
        u1_0.address_id,
        u1_0.age,
        u1_0.email,
        u1_0.name 
    from
        users u1_0
2025-08-01T10:57:20.449+01:00 DEBUG 14136 --- [TU] [           main] org.hibernate.SQL                        : 
    select
        count(*) 
    from
        users u1_0
Hibernate: 
    select
        count(*) 
    from
        users u1_0
]]></system-out>
  </testcase>
  <testcase name="createUserWithNullShouldThrowException" classname="com.univade.TU.repository.UserRepositoryTest$CrudTests" time="0.032">
    <system-out><![CDATA[2025-08-01T10:57:20.475+01:00 DEBUG 14136 --- [TU] [           main] org.hibernate.SQL                        : 
    select
        u1_0.id,
        u1_0.address_id,
        u1_0.age,
        u1_0.email,
        u1_0.name 
    from
        users u1_0
Hibernate: 
    select
        u1_0.id,
        u1_0.address_id,
        u1_0.age,
        u1_0.email,
        u1_0.name 
    from
        users u1_0
]]></system-out>
  </testcase>
  <testcase name="deleteMultipleUsersByIdShouldRemoveSpecifiedEntities" classname="com.univade.TU.repository.UserRepositoryTest$CrudTests" time="0.035">
    <system-out><![CDATA[2025-08-01T10:57:20.503+01:00 DEBUG 14136 --- [TU] [           main] org.hibernate.SQL                        : 
    select
        u1_0.id,
        u1_0.address_id,
        u1_0.age,
        u1_0.email,
        u1_0.name 
    from
        users u1_0
Hibernate: 
    select
        u1_0.id,
        u1_0.address_id,
        u1_0.age,
        u1_0.email,
        u1_0.name 
    from
        users u1_0
2025-08-01T10:57:20.505+01:00 DEBUG 14136 --- [TU] [           main] org.hibernate.SQL                        : 
    insert 
    into
        addresses
        (city, street, zip_code, id) 
    values
        (?, ?, ?, default)
Hibernate: 
    insert 
    into
        addresses
        (city, street, zip_code, id) 
    values
        (?, ?, ?, default)
2025-08-01T10:57:20.508+01:00 DEBUG 14136 --- [TU] [           main] org.hibernate.SQL                        : 
    insert 
    into
        users
        (address_id, age, email, name, id) 
    values
        (?, ?, ?, ?, default)
Hibernate: 
    insert 
    into
        users
        (address_id, age, email, name, id) 
    values
        (?, ?, ?, ?, default)
2025-08-01T10:57:20.510+01:00 DEBUG 14136 --- [TU] [           main] org.hibernate.SQL                        : 
    insert 
    into
        addresses
        (city, street, zip_code, id) 
    values
        (?, ?, ?, default)
Hibernate: 
    insert 
    into
        addresses
        (city, street, zip_code, id) 
    values
        (?, ?, ?, default)
2025-08-01T10:57:20.512+01:00 DEBUG 14136 --- [TU] [           main] org.hibernate.SQL                        : 
    insert 
    into
        users
        (address_id, age, email, name, id) 
    values
        (?, ?, ?, ?, default)
Hibernate: 
    insert 
    into
        users
        (address_id, age, email, name, id) 
    values
        (?, ?, ?, ?, default)
2025-08-01T10:57:20.515+01:00 DEBUG 14136 --- [TU] [           main] org.hibernate.SQL                        : 
    insert 
    into
        addresses
        (city, street, zip_code, id) 
    values
        (?, ?, ?, default)
Hibernate: 
    insert 
    into
        addresses
        (city, street, zip_code, id) 
    values
        (?, ?, ?, default)
2025-08-01T10:57:20.517+01:00 DEBUG 14136 --- [TU] [           main] org.hibernate.SQL                        : 
    insert 
    into
        users
        (address_id, age, email, name, id) 
    values
        (?, ?, ?, ?, default)
Hibernate: 
    insert 
    into
        users
        (address_id, age, email, name, id) 
    values
        (?, ?, ?, ?, default)
2025-08-01T10:57:20.522+01:00 DEBUG 14136 --- [TU] [           main] org.hibernate.SQL                        : 
    delete 
    from
        users 
    where
        id=?
Hibernate: 
    delete 
    from
        users 
    where
        id=?
2025-08-01T10:57:20.523+01:00 DEBUG 14136 --- [TU] [           main] org.hibernate.SQL                        : 
    delete 
    from
        addresses 
    where
        id=?
Hibernate: 
    delete 
    from
        addresses 
    where
        id=?
2025-08-01T10:57:20.524+01:00 DEBUG 14136 --- [TU] [           main] org.hibernate.SQL                        : 
    delete 
    from
        users 
    where
        id=?
Hibernate: 
    delete 
    from
        users 
    where
        id=?
2025-08-01T10:57:20.525+01:00 DEBUG 14136 --- [TU] [           main] org.hibernate.SQL                        : 
    delete 
    from
        addresses 
    where
        id=?
Hibernate: 
    delete 
    from
        addresses 
    where
        id=?
2025-08-01T10:57:20.526+01:00 DEBUG 14136 --- [TU] [           main] org.hibernate.SQL                        : 
    select
        u1_0.id,
        u1_0.address_id,
        u1_0.age,
        u1_0.email,
        u1_0.name 
    from
        users u1_0
Hibernate: 
    select
        u1_0.id,
        u1_0.address_id,
        u1_0.age,
        u1_0.email,
        u1_0.name 
    from
        users u1_0
]]></system-out>
  </testcase>
  <testcase name="deleteUserEntityShouldRemoveFromDatabase" classname="com.univade.TU.repository.UserRepositoryTest$CrudTests" time="0.018">
    <system-out><![CDATA[2025-08-01T10:57:20.543+01:00 DEBUG 14136 --- [TU] [           main] org.hibernate.SQL                        : 
    select
        u1_0.id,
        u1_0.address_id,
        u1_0.age,
        u1_0.email,
        u1_0.name 
    from
        users u1_0
Hibernate: 
    select
        u1_0.id,
        u1_0.address_id,
        u1_0.age,
        u1_0.email,
        u1_0.name 
    from
        users u1_0
2025-08-01T10:57:20.546+01:00 DEBUG 14136 --- [TU] [           main] org.hibernate.SQL                        : 
    insert 
    into
        addresses
        (city, street, zip_code, id) 
    values
        (?, ?, ?, default)
Hibernate: 
    insert 
    into
        addresses
        (city, street, zip_code, id) 
    values
        (?, ?, ?, default)
2025-08-01T10:57:20.548+01:00 DEBUG 14136 --- [TU] [           main] org.hibernate.SQL                        : 
    insert 
    into
        users
        (address_id, age, email, name, id) 
    values
        (?, ?, ?, ?, default)
Hibernate: 
    insert 
    into
        users
        (address_id, age, email, name, id) 
    values
        (?, ?, ?, ?, default)
]]></system-out>
  </testcase>
  <testcase name="createMultipleUsersShouldPersistAll" classname="com.univade.TU.repository.UserRepositoryTest$CrudTests" time="0.048">
    <system-out><![CDATA[2025-08-01T10:57:20.564+01:00 DEBUG 14136 --- [TU] [           main] org.hibernate.SQL                        : 
    select
        u1_0.id,
        u1_0.address_id,
        u1_0.age,
        u1_0.email,
        u1_0.name 
    from
        users u1_0
Hibernate: 
    select
        u1_0.id,
        u1_0.address_id,
        u1_0.age,
        u1_0.email,
        u1_0.name 
    from
        users u1_0
2025-08-01T10:57:20.570+01:00 DEBUG 14136 --- [TU] [           main] org.hibernate.SQL                        : 
    insert 
    into
        addresses
        (city, street, zip_code, id) 
    values
        (?, ?, ?, default)
Hibernate: 
    insert 
    into
        addresses
        (city, street, zip_code, id) 
    values
        (?, ?, ?, default)
2025-08-01T10:57:20.575+01:00 DEBUG 14136 --- [TU] [           main] org.hibernate.SQL                        : 
    insert 
    into
        users
        (address_id, age, email, name, id) 
    values
        (?, ?, ?, ?, default)
Hibernate: 
    insert 
    into
        users
        (address_id, age, email, name, id) 
    values
        (?, ?, ?, ?, default)
2025-08-01T10:57:20.580+01:00 DEBUG 14136 --- [TU] [           main] org.hibernate.SQL                        : 
    insert 
    into
        addresses
        (city, street, zip_code, id) 
    values
        (?, ?, ?, default)
Hibernate: 
    insert 
    into
        addresses
        (city, street, zip_code, id) 
    values
        (?, ?, ?, default)
2025-08-01T10:57:20.583+01:00 DEBUG 14136 --- [TU] [           main] org.hibernate.SQL                        : 
    insert 
    into
        users
        (address_id, age, email, name, id) 
    values
        (?, ?, ?, ?, default)
Hibernate: 
    insert 
    into
        users
        (address_id, age, email, name, id) 
    values
        (?, ?, ?, ?, default)
2025-08-01T10:57:20.586+01:00 DEBUG 14136 --- [TU] [           main] org.hibernate.SQL                        : 
    insert 
    into
        addresses
        (city, street, zip_code, id) 
    values
        (?, ?, ?, default)
Hibernate: 
    insert 
    into
        addresses
        (city, street, zip_code, id) 
    values
        (?, ?, ?, default)
2025-08-01T10:57:20.587+01:00 DEBUG 14136 --- [TU] [           main] org.hibernate.SQL                        : 
    insert 
    into
        users
        (address_id, age, email, name, id) 
    values
        (?, ?, ?, ?, default)
Hibernate: 
    insert 
    into
        users
        (address_id, age, email, name, id) 
    values
        (?, ?, ?, ?, default)
2025-08-01T10:57:20.597+01:00 DEBUG 14136 --- [TU] [           main] org.hibernate.SQL                        : 
    select
        count(*) 
    from
        users u1_0
Hibernate: 
    select
        count(*) 
    from
        users u1_0
]]></system-out>
  </testcase>
  <testcase name="readUserByNonExistentIdShouldReturnEmpty" classname="com.univade.TU.repository.UserRepositoryTest$CrudTests" time="0.026">
    <system-out><![CDATA[2025-08-01T10:57:20.628+01:00 DEBUG 14136 --- [TU] [           main] org.hibernate.SQL                        : 
    select
        u1_0.id,
        u1_0.address_id,
        u1_0.age,
        u1_0.email,
        u1_0.name 
    from
        users u1_0
Hibernate: 
    select
        u1_0.id,
        u1_0.address_id,
        u1_0.age,
        u1_0.email,
        u1_0.name 
    from
        users u1_0
2025-08-01T10:57:20.634+01:00 DEBUG 14136 --- [TU] [           main] org.hibernate.SQL                        : 
    select
        u1_0.id,
        u1_0.address_id,
        u1_0.age,
        u1_0.email,
        u1_0.name 
    from
        users u1_0 
    where
        u1_0.id=?
Hibernate: 
    select
        u1_0.id,
        u1_0.address_id,
        u1_0.age,
        u1_0.email,
        u1_0.name 
    from
        users u1_0 
    where
        u1_0.id=?
]]></system-out>
  </testcase>
  <testcase name="deleteUserByNonExistentIdShouldNotThrowException" classname="com.univade.TU.repository.UserRepositoryTest$CrudTests" time="0.025">
    <system-out><![CDATA[2025-08-01T10:57:20.660+01:00 DEBUG 14136 --- [TU] [           main] org.hibernate.SQL                        : 
    select
        u1_0.id,
        u1_0.address_id,
        u1_0.age,
        u1_0.email,
        u1_0.name 
    from
        users u1_0
Hibernate: 
    select
        u1_0.id,
        u1_0.address_id,
        u1_0.age,
        u1_0.email,
        u1_0.name 
    from
        users u1_0
2025-08-01T10:57:20.667+01:00 DEBUG 14136 --- [TU] [           main] org.hibernate.SQL                        : 
    select
        u1_0.id,
        u1_0.address_id,
        u1_0.age,
        u1_0.email,
        u1_0.name 
    from
        users u1_0 
    where
        u1_0.id=?
Hibernate: 
    select
        u1_0.id,
        u1_0.address_id,
        u1_0.age,
        u1_0.email,
        u1_0.name 
    from
        users u1_0 
    where
        u1_0.id=?
]]></system-out>
  </testcase>
  <testcase name="readAllUsersShouldReturnAllEntities" classname="com.univade.TU.repository.UserRepositoryTest$CrudTests" time="0.038">
    <system-out><![CDATA[2025-08-01T10:57:20.688+01:00 DEBUG 14136 --- [TU] [           main] org.hibernate.SQL                        : 
    select
        u1_0.id,
        u1_0.address_id,
        u1_0.age,
        u1_0.email,
        u1_0.name 
    from
        users u1_0
Hibernate: 
    select
        u1_0.id,
        u1_0.address_id,
        u1_0.age,
        u1_0.email,
        u1_0.name 
    from
        users u1_0
2025-08-01T10:57:20.691+01:00 DEBUG 14136 --- [TU] [           main] org.hibernate.SQL                        : 
    insert 
    into
        addresses
        (city, street, zip_code, id) 
    values
        (?, ?, ?, default)
Hibernate: 
    insert 
    into
        addresses
        (city, street, zip_code, id) 
    values
        (?, ?, ?, default)
2025-08-01T10:57:20.696+01:00 DEBUG 14136 --- [TU] [           main] org.hibernate.SQL                        : 
    insert 
    into
        users
        (address_id, age, email, name, id) 
    values
        (?, ?, ?, ?, default)
Hibernate: 
    insert 
    into
        users
        (address_id, age, email, name, id) 
    values
        (?, ?, ?, ?, default)
2025-08-01T10:57:20.699+01:00 DEBUG 14136 --- [TU] [           main] org.hibernate.SQL                        : 
    insert 
    into
        addresses
        (city, street, zip_code, id) 
    values
        (?, ?, ?, default)
Hibernate: 
    insert 
    into
        addresses
        (city, street, zip_code, id) 
    values
        (?, ?, ?, default)
2025-08-01T10:57:20.700+01:00 DEBUG 14136 --- [TU] [           main] org.hibernate.SQL                        : 
    insert 
    into
        users
        (address_id, age, email, name, id) 
    values
        (?, ?, ?, ?, default)
Hibernate: 
    insert 
    into
        users
        (address_id, age, email, name, id) 
    values
        (?, ?, ?, ?, default)
2025-08-01T10:57:20.705+01:00 DEBUG 14136 --- [TU] [           main] org.hibernate.SQL                        : 
    select
        u1_0.id,
        u1_0.address_id,
        u1_0.age,
        u1_0.email,
        u1_0.name 
    from
        users u1_0
Hibernate: 
    select
        u1_0.id,
        u1_0.address_id,
        u1_0.age,
        u1_0.email,
        u1_0.name 
    from
        users u1_0
]]></system-out>
  </testcase>
  <testcase name="existsUserByIdShouldReturnFalseForNonExistingEntity" classname="com.univade.TU.repository.UserRepositoryTest$CrudTests" time="0.036">
    <system-out><![CDATA[2025-08-01T10:57:20.731+01:00 DEBUG 14136 --- [TU] [           main] org.hibernate.SQL                        : 
    select
        u1_0.id,
        u1_0.address_id,
        u1_0.age,
        u1_0.email,
        u1_0.name 
    from
        users u1_0
Hibernate: 
    select
        u1_0.id,
        u1_0.address_id,
        u1_0.age,
        u1_0.email,
        u1_0.name 
    from
        users u1_0
2025-08-01T10:57:20.750+01:00 DEBUG 14136 --- [TU] [           main] org.hibernate.SQL                        : 
    select
        count(*) 
    from
        users u1_0 
    where
        u1_0.id=?
Hibernate: 
    select
        count(*) 
    from
        users u1_0 
    where
        u1_0.id=?
]]></system-out>
  </testcase>
  <testcase name="countUsersWhenEmptyShouldReturnZero" classname="com.univade.TU.repository.UserRepositoryTest$CrudTests" time="0.021">
    <system-out><![CDATA[2025-08-01T10:57:20.769+01:00 DEBUG 14136 --- [TU] [           main] org.hibernate.SQL                        : 
    select
        u1_0.id,
        u1_0.address_id,
        u1_0.age,
        u1_0.email,
        u1_0.name 
    from
        users u1_0
Hibernate: 
    select
        u1_0.id,
        u1_0.address_id,
        u1_0.age,
        u1_0.email,
        u1_0.name 
    from
        users u1_0
2025-08-01T10:57:20.772+01:00 DEBUG 14136 --- [TU] [           main] org.hibernate.SQL                        : 
    select
        count(*) 
    from
        users u1_0
Hibernate: 
    select
        count(*) 
    from
        users u1_0
]]></system-out>
  </testcase>
  <testcase name="readUserByIdShouldReturnCorrectEntity" classname="com.univade.TU.repository.UserRepositoryTest$CrudTests" time="0.03">
    <system-out><![CDATA[2025-08-01T10:57:20.799+01:00 DEBUG 14136 --- [TU] [           main] org.hibernate.SQL                        : 
    select
        u1_0.id,
        u1_0.address_id,
        u1_0.age,
        u1_0.email,
        u1_0.name 
    from
        users u1_0
Hibernate: 
    select
        u1_0.id,
        u1_0.address_id,
        u1_0.age,
        u1_0.email,
        u1_0.name 
    from
        users u1_0
2025-08-01T10:57:20.805+01:00 DEBUG 14136 --- [TU] [           main] org.hibernate.SQL                        : 
    insert 
    into
        addresses
        (city, street, zip_code, id) 
    values
        (?, ?, ?, default)
Hibernate: 
    insert 
    into
        addresses
        (city, street, zip_code, id) 
    values
        (?, ?, ?, default)
2025-08-01T10:57:20.807+01:00 DEBUG 14136 --- [TU] [           main] org.hibernate.SQL                        : 
    insert 
    into
        users
        (address_id, age, email, name, id) 
    values
        (?, ?, ?, ?, default)
Hibernate: 
    insert 
    into
        users
        (address_id, age, email, name, id) 
    values
        (?, ?, ?, ?, default)
]]></system-out>
  </testcase>
  <testcase name="createUserShouldPersistNewEntity" classname="com.univade.TU.repository.UserRepositoryTest$CrudTests" time="0.032">
    <system-out><![CDATA[2025-08-01T10:57:20.837+01:00 DEBUG 14136 --- [TU] [           main] org.hibernate.SQL                        : 
    select
        u1_0.id,
        u1_0.address_id,
        u1_0.age,
        u1_0.email,
        u1_0.name 
    from
        users u1_0
Hibernate: 
    select
        u1_0.id,
        u1_0.address_id,
        u1_0.age,
        u1_0.email,
        u1_0.name 
    from
        users u1_0
2025-08-01T10:57:20.846+01:00 DEBUG 14136 --- [TU] [           main] org.hibernate.SQL                        : 
    insert 
    into
        addresses
        (city, street, zip_code, id) 
    values
        (?, ?, ?, default)
Hibernate: 
    insert 
    into
        addresses
        (city, street, zip_code, id) 
    values
        (?, ?, ?, default)
2025-08-01T10:57:20.849+01:00 DEBUG 14136 --- [TU] [           main] org.hibernate.SQL                        : 
    insert 
    into
        users
        (address_id, age, email, name, id) 
    values
        (?, ?, ?, ?, default)
Hibernate: 
    insert 
    into
        users
        (address_id, age, email, name, id) 
    values
        (?, ?, ?, ?, default)
]]></system-out>
  </testcase>
  <testcase name="existsUserByIdShouldReturnTrueForExistingEntity" classname="com.univade.TU.repository.UserRepositoryTest$CrudTests" time="0.031">
    <system-out><![CDATA[2025-08-01T10:57:20.877+01:00 DEBUG 14136 --- [TU] [           main] org.hibernate.SQL                        : 
    select
        u1_0.id,
        u1_0.address_id,
        u1_0.age,
        u1_0.email,
        u1_0.name 
    from
        users u1_0
Hibernate: 
    select
        u1_0.id,
        u1_0.address_id,
        u1_0.age,
        u1_0.email,
        u1_0.name 
    from
        users u1_0
2025-08-01T10:57:20.883+01:00 DEBUG 14136 --- [TU] [           main] org.hibernate.SQL                        : 
    insert 
    into
        addresses
        (city, street, zip_code, id) 
    values
        (?, ?, ?, default)
Hibernate: 
    insert 
    into
        addresses
        (city, street, zip_code, id) 
    values
        (?, ?, ?, default)
2025-08-01T10:57:20.887+01:00 DEBUG 14136 --- [TU] [           main] org.hibernate.SQL                        : 
    insert 
    into
        users
        (address_id, age, email, name, id) 
    values
        (?, ?, ?, ?, default)
Hibernate: 
    insert 
    into
        users
        (address_id, age, email, name, id) 
    values
        (?, ?, ?, ?, default)
2025-08-01T10:57:20.891+01:00 DEBUG 14136 --- [TU] [           main] org.hibernate.SQL                        : 
    select
        count(*) 
    from
        users u1_0 
    where
        u1_0.id=?
Hibernate: 
    select
        count(*) 
    from
        users u1_0 
    where
        u1_0.id=?
]]></system-out>
  </testcase>
</testsuite>