<?xml version="1.0" encoding="UTF-8"?>
<testsuite xmlns:xsi="http://www.w3.org/2001/XMLSchema-instance" xsi:noNamespaceSchemaLocation="https://maven.apache.org/surefire/maven-surefire-plugin/xsd/surefire-test-report.xsd" version="3.0.2" name="com.univade.TU.service.PostServiceTest$IntegrationTests$BusinessLogicIntegrationTests" time="14.808" tests="3" errors="0" skipped="0" failures="0">
  <properties>
[...]
</properties>
  <testcase name="shouldUpdatePostAndPersistChanges" classname="com.univade.TU.service.PostServiceTest$IntegrationTests$BusinessLogicIntegrationTests" time="0.373">
    <system-out><![CDATA[10:58:18.505 [main] INFO org.springframework.test.context.support.AnnotationConfigContextLoaderUtils -- Could not detect default configuration classes for test class [com.univade.TU.service.PostServiceTest$IntegrationTests]: IntegrationTests does not declare any static, non-private, non-final, nested classes annotated with @Configuration.
10:58:18.762 [main] INFO org.springframework.boot.test.context.SpringBootTestContextBootstrapper -- Found @SpringBootConfiguration com.univade.TU.TuApplication for test class com.univade.TU.service.PostServiceTest$IntegrationTests
10:58:18.933 [main] INFO org.springframework.test.context.support.AnnotationConfigContextLoaderUtils -- Could not detect default configuration classes for test class [com.univade.TU.service.PostServiceTest$IntegrationTests$BusinessLogicIntegrationTests]: BusinessLogicIntegrationTests does not declare any static, non-private, non-final, nested classes annotated with @Configuration.
10:58:18.939 [main] INFO org.springframework.boot.test.context.SpringBootTestContextBootstrapper -- Found @SpringBootConfiguration com.univade.TU.TuApplication for test class com.univade.TU.service.PostServiceTest$IntegrationTests$BusinessLogicIntegrationTests
10:58:19.009 [main] INFO org.springframework.boot.devtools.restart.RestartApplicationListener -- Restart disabled due to context in which it is running

  .   ____          _            __ _ _
 /\\ / ___'_ __ _ _(_)_ __  __ _ \ \ \ \
( ( )\___ | '_ | '_| | '_ \/ _` | \ \ \ \
 \\/  ___)| |_)| | | | | || (_| |  ) ) ) )
  '  |____| .__|_| |_|_| |_\__, | / / / /
 =========|_|==============|___/=/_/_/_/

 :: Spring Boot ::                (v3.5.3)

2025-08-01T10:58:19.481+01:00  INFO 2064 --- [TU] [           main] c.u.T.s.PostServiceTest$IntegrationTests : Starting PostServiceTest.IntegrationTests using Java 23 with PID 2064 (started by viet in C:\Users\viet\Desktop\TU\TU)
2025-08-01T10:58:19.484+01:00  INFO 2064 --- [TU] [           main] c.u.T.s.PostServiceTest$IntegrationTests : No active profile set, falling back to 1 default profile: "default"
2025-08-01T10:58:21.094+01:00  INFO 2064 --- [TU] [           main] .s.d.r.c.RepositoryConfigurationDelegate : Bootstrapping Spring Data JPA repositories in DEFAULT mode.
2025-08-01T10:58:21.234+01:00  INFO 2064 --- [TU] [           main] .s.d.r.c.RepositoryConfigurationDelegate : Finished Spring Data repository scanning in 119 ms. Found 5 JPA repository interfaces.
2025-08-01T10:58:22.055+01:00  WARN 2064 --- [TU] [           main] trationDelegate$BeanPostProcessorChecker : Bean 'tuApplication' of type [com.univade.TU.TuApplication$$SpringCGLIB$$0] is not eligible for getting processed by all BeanPostProcessors (for example: not eligible for auto-proxying). The currently created BeanPostProcessor [methodValidationPostProcessor] is declared through a non-static factory method on that class; consider declaring it as static instead.
2025-08-01T10:58:22.671+01:00  INFO 2064 --- [TU] [           main] o.hibernate.jpa.internal.util.LogHelper  : HHH000204: Processing PersistenceUnitInfo [name: default]
2025-08-01T10:58:22.788+01:00  INFO 2064 --- [TU] [           main] org.hibernate.Version                    : HHH000412: Hibernate ORM core version 6.6.18.Final
2025-08-01T10:58:22.874+01:00  INFO 2064 --- [TU] [           main] o.h.c.internal.RegionFactoryInitiator    : HHH000026: Second-level cache disabled
2025-08-01T10:58:23.084+01:00  INFO 2064 --- [TU] [           main] o.s.o.j.p.SpringPersistenceUnitInfo      : No LoadTimeWeaver setup: ignoring JPA class transformer
2025-08-01T10:58:23.128+01:00  INFO 2064 --- [TU] [           main] com.zaxxer.hikari.HikariDataSource       : HikariPool-1 - Starting...
2025-08-01T10:58:23.484+01:00  INFO 2064 --- [TU] [           main] com.zaxxer.hikari.pool.HikariPool        : HikariPool-1 - Added connection conn0: url=jdbc:h2:mem:testdb user=SA
2025-08-01T10:58:23.488+01:00  INFO 2064 --- [TU] [           main] com.zaxxer.hikari.HikariDataSource       : HikariPool-1 - Start completed.
2025-08-01T10:58:23.521+01:00  WARN 2064 --- [TU] [           main] org.hibernate.orm.deprecation            : HHH90000025: H2Dialect does not need to be specified explicitly using 'hibernate.dialect' (remove the property setting and it will be selected by default)
2025-08-01T10:58:23.559+01:00  INFO 2064 --- [TU] [           main] org.hibernate.orm.connections.pooling    : HHH10001005: Database info:
	Database JDBC URL [Connecting through datasource 'HikariDataSource (HikariPool-1)']
	Database driver: undefined/unknown
	Database version: 2.3.232
	Autocommit mode: undefined/unknown
	Isolation level: undefined/unknown
	Minimum pool size: undefined/unknown
	Maximum pool size: undefined/unknown
2025-08-01T10:58:24.814+01:00  INFO 2064 --- [TU] [           main] o.h.e.t.j.p.i.JtaPlatformInitiator       : HHH000489: No JTA platform available (set 'hibernate.transaction.jta.platform' to enable JTA platform integration)
2025-08-01T10:58:24.843+01:00 DEBUG 2064 --- [TU] [           main] org.hibernate.SQL                        : 
    drop table if exists addresses cascade 
Hibernate: 
    drop table if exists addresses cascade 
2025-08-01T10:58:24.851+01:00 DEBUG 2064 --- [TU] [           main] org.hibernate.SQL                        : 
    drop table if exists categories cascade 
Hibernate: 
    drop table if exists categories cascade 
2025-08-01T10:58:24.851+01:00 DEBUG 2064 --- [TU] [           main] org.hibernate.SQL                        : 
    drop table if exists persons cascade 
Hibernate: 
    drop table if exists persons cascade 
2025-08-01T10:58:24.851+01:00 DEBUG 2064 --- [TU] [           main] org.hibernate.SQL                        : 
    drop table if exists posts cascade 
Hibernate: 
    drop table if exists posts cascade 
2025-08-01T10:58:24.851+01:00 DEBUG 2064 --- [TU] [           main] org.hibernate.SQL                        : 
    drop table if exists users cascade 
Hibernate: 
    drop table if exists users cascade 
2025-08-01T10:58:24.858+01:00 DEBUG 2064 --- [TU] [           main] org.hibernate.SQL                        : 
    create table addresses (
        id bigint generated by default as identity,
        zip_code varchar(10) not null,
        city varchar(100) not null,
        street varchar(150) not null,
        primary key (id)
    )
Hibernate: 
    create table addresses (
        id bigint generated by default as identity,
        zip_code varchar(10) not null,
        city varchar(100) not null,
        street varchar(150) not null,
        primary key (id)
    )
2025-08-01T10:58:24.867+01:00 DEBUG 2064 --- [TU] [           main] org.hibernate.SQL                        : 
    create table categories (
        active boolean,
        id bigint generated by default as identity,
        name varchar(100),
        description varchar(500),
        primary key (id)
    )
Hibernate: 
    create table categories (
        active boolean,
        id bigint generated by default as identity,
        name varchar(100),
        description varchar(500),
        primary key (id)
    )
2025-08-01T10:58:24.871+01:00 DEBUG 2064 --- [TU] [           main] org.hibernate.SQL                        : 
    create table persons (
        date_of_birth date not null,
        cin varchar(12) not null,
        phone_number varchar(15) unique,
        first_name varchar(50) not null,
        last_name varchar(50) not null,
        email varchar(100) unique,
        primary key (cin)
    )
Hibernate: 
    create table persons (
        date_of_birth date not null,
        cin varchar(12) not null,
        phone_number varchar(15) unique,
        first_name varchar(50) not null,
        last_name varchar(50) not null,
        email varchar(100) unique,
        primary key (cin)
    )
2025-08-01T10:58:24.871+01:00 DEBUG 2064 --- [TU] [           main] org.hibernate.SQL                        : 
    create table posts (
        author_id bigint not null,
        id bigint generated by default as identity,
        title varchar(255) not null,
        content clob not null,
        primary key (id)
    )
Hibernate: 
    create table posts (
        author_id bigint not null,
        id bigint generated by default as identity,
        title varchar(255) not null,
        content clob not null,
        primary key (id)
    )
2025-08-01T10:58:24.871+01:00 DEBUG 2064 --- [TU] [           main] org.hibernate.SQL                        : 
    create table users (
        age integer check ((age>=0) and (age<=150)),
        address_id bigint unique,
        id bigint generated by default as identity,
        name varchar(100) not null,
        email varchar(150) not null unique,
        primary key (id)
    )
Hibernate: 
    create table users (
        age integer check ((age>=0) and (age<=150)),
        address_id bigint unique,
        id bigint generated by default as identity,
        name varchar(100) not null,
        email varchar(150) not null unique,
        primary key (id)
    )
2025-08-01T10:58:24.881+01:00 DEBUG 2064 --- [TU] [           main] org.hibernate.SQL                        : 
    alter table if exists posts 
       add constraint FK6xvn0811tkyo3nfjk2xvqx6ns 
       foreign key (author_id) 
       references users
Hibernate: 
    alter table if exists posts 
       add constraint FK6xvn0811tkyo3nfjk2xvqx6ns 
       foreign key (author_id) 
       references users
2025-08-01T10:58:24.896+01:00 DEBUG 2064 --- [TU] [           main] org.hibernate.SQL                        : 
    alter table if exists users 
       add constraint FKe8vydtk7hf0y16bfm558sywbb 
       foreign key (address_id) 
       references addresses
Hibernate: 
    alter table if exists users 
       add constraint FKe8vydtk7hf0y16bfm558sywbb 
       foreign key (address_id) 
       references addresses
2025-08-01T10:58:24.899+01:00  INFO 2064 --- [TU] [           main] j.LocalContainerEntityManagerFactoryBean : Initialized JPA EntityManagerFactory for persistence unit 'default'
2025-08-01T10:58:25.459+01:00  INFO 2064 --- [TU] [           main] o.s.d.j.r.query.QueryEnhancerFactory     : Hibernate is in classpath; If applicable, HQL parser will be used.
2025-08-01T10:58:29.292+01:00  WARN 2064 --- [TU] [           main] JpaBaseConfiguration$JpaWebConfiguration : spring.jpa.open-in-view is enabled by default. Therefore, database queries may be performed during view rendering. Explicitly configure spring.jpa.open-in-view to disable this warning
2025-08-01T10:58:30.857+01:00  WARN 2064 --- [TU] [           main] .s.s.UserDetailsServiceAutoConfiguration : 

Using generated security password: 8b2670f8-9d33-46b5-8969-4f5c2ef322c2

This generated password is for development use only. Your security configuration must be updated before running your application in production.

2025-08-01T10:58:30.896+01:00  INFO 2064 --- [TU] [           main] r$InitializeUserDetailsManagerConfigurer : Global AuthenticationManager configured with UserDetailsService bean with name inMemoryUserDetailsManager
2025-08-01T10:58:33.050+01:00  INFO 2064 --- [TU] [           main] c.u.T.s.PostServiceTest$IntegrationTests : Started PostServiceTest.IntegrationTests in 14.054 seconds (process running for 17.843)
2025-08-01T10:58:33.329+01:00 DEBUG 2064 --- [TU] [           main] org.hibernate.SQL                        : 
    insert 
    into
        users
        (address_id, age, email, name, id) 
    values
        (?, ?, ?, ?, default)
Hibernate: 
    insert 
    into
        users
        (address_id, age, email, name, id) 
    values
        (?, ?, ?, ?, default)
2025-08-01T10:58:33.443+01:00 DEBUG 2064 --- [TU] [           main] org.hibernate.SQL                        : 
    insert 
    into
        users
        (address_id, age, email, name, id) 
    values
        (?, ?, ?, ?, default)
Hibernate: 
    insert 
    into
        users
        (address_id, age, email, name, id) 
    values
        (?, ?, ?, ?, default)
2025-08-01T10:58:33.447+01:00 DEBUG 2064 --- [TU] [           main] org.hibernate.SQL                        : 
    insert 
    into
        posts
        (author_id, content, title, id) 
    values
        (?, ?, ?, default)
Hibernate: 
    insert 
    into
        posts
        (author_id, content, title, id) 
    values
        (?, ?, ?, default)
]]></system-out>
  </testcase>
  <testcase name="shouldCreatePostAndPersistToDatabase" classname="com.univade.TU.service.PostServiceTest$IntegrationTests$BusinessLogicIntegrationTests" time="0.03">
    <system-out><![CDATA[2025-08-01T10:58:33.504+01:00 DEBUG 2064 --- [TU] [           main] org.hibernate.SQL                        : 
    insert 
    into
        users
        (address_id, age, email, name, id) 
    values
        (?, ?, ?, ?, default)
Hibernate: 
    insert 
    into
        users
        (address_id, age, email, name, id) 
    values
        (?, ?, ?, ?, default)
2025-08-01T10:58:33.509+01:00 DEBUG 2064 --- [TU] [           main] org.hibernate.SQL                        : 
    insert 
    into
        users
        (address_id, age, email, name, id) 
    values
        (?, ?, ?, ?, default)
Hibernate: 
    insert 
    into
        users
        (address_id, age, email, name, id) 
    values
        (?, ?, ?, ?, default)
2025-08-01T10:58:33.513+01:00 DEBUG 2064 --- [TU] [           main] org.hibernate.SQL                        : 
    insert 
    into
        posts
        (author_id, content, title, id) 
    values
        (?, ?, ?, default)
Hibernate: 
    insert 
    into
        posts
        (author_id, content, title, id) 
    values
        (?, ?, ?, default)
]]></system-out>
  </testcase>
  <testcase name="shouldDeletePostFromDatabase" classname="com.univade.TU.service.PostServiceTest$IntegrationTests$BusinessLogicIntegrationTests" time="0.206">
    <system-out><![CDATA[2025-08-01T10:58:33.540+01:00 DEBUG 2064 --- [TU] [           main] org.hibernate.SQL                        : 
    insert 
    into
        users
        (address_id, age, email, name, id) 
    values
        (?, ?, ?, ?, default)
Hibernate: 
    insert 
    into
        users
        (address_id, age, email, name, id) 
    values
        (?, ?, ?, ?, default)
2025-08-01T10:58:33.544+01:00 DEBUG 2064 --- [TU] [           main] org.hibernate.SQL                        : 
    insert 
    into
        users
        (address_id, age, email, name, id) 
    values
        (?, ?, ?, ?, default)
Hibernate: 
    insert 
    into
        users
        (address_id, age, email, name, id) 
    values
        (?, ?, ?, ?, default)
2025-08-01T10:58:33.547+01:00 DEBUG 2064 --- [TU] [           main] org.hibernate.SQL                        : 
    insert 
    into
        posts
        (author_id, content, title, id) 
    values
        (?, ?, ?, default)
Hibernate: 
    insert 
    into
        posts
        (author_id, content, title, id) 
    values
        (?, ?, ?, default)
2025-08-01T10:58:33.709+01:00 DEBUG 2064 --- [TU] [           main] org.hibernate.SQL                        : 
    select
        count(*) 
    from
        posts p1_0 
    where
        p1_0.id=?
Hibernate: 
    select
        count(*) 
    from
        posts p1_0 
    where
        p1_0.id=?
]]></system-out>
  </testcase>
</testsuite>